<?xml version="1.0" encoding="UTF-8"?>
<!-- Generated by org.testng.reporters.JUnitReportReporter -->
<testsuite hostname="Shalini" failures="0" tests="1" name="tests.SearchTest" time="17.963" errors="0" timestamp="2025-05-15T14:57:43 IST" skipped="0">
  <testcase classname="tests.SearchTest" name="searchProductTest" time="17.963"/>
</testsuite> <!-- tests.SearchTest -->
