<?xml version="1.0" encoding="UTF-8"?>
<!-- Generated by org.testng.reporters.JUnitReportReporter -->
<testsuite hostname="Shalini" failures="0" tests="1" name="tests.LoginTest" time="13.204" errors="0" timestamp="2025-05-15T15:18:08 IST" skipped="0">
  <testcase classname="tests.LoginTest" name="validLoginTest" time="13.204"/>
</testsuite> <!-- tests.LoginTest -->
